<?xml version="1.0" encoding="UTF-8"?>
<testsuite xmlns:xsi="http://www.w3.org/2001/XMLSchema-instance" xsi:noNamespaceSchemaLocation="https://maven.apache.org/surefire/maven-surefire-plugin/xsd/surefire-test-report.xsd" name="com.mss.TrianguloTest" time="0.05" tests="17" errors="0" skipped="0" failures="0">
  <properties>
[...]
</properties>
  <testcase name="CT08_trianguloInvalido_somaDosladosIguais" classname="com.mss.TrianguloTest" time="0.005"/>
  <testcase name="CT16_lado3ZeroLancaExcecao" classname="com.mss.TrianguloTest" time="0.001"/>
  <testcase name="CT04_isoscelesValido_lado1IgualLado3" classname="com.mss.TrianguloTest" time="0"/>
  <testcase name="CT17_construtorGettersSetters" classname="com.mss.TrianguloTest" time="0"/>
  <testcase name="CT02_isoscelesValido_lado1IgualLado2" classname="com.mss.TrianguloTest" time="0"/>
  <testcase name="CT05_isoscelesValido_lado2IgualLado3" classname="com.mss.TrianguloTest" time="0"/>
  <testcase name="CT12_trianguloInvalido_somaLado1Lado3MenorQueLado2" classname="com.mss.TrianguloTest" time="0"/>
  <testcase name="CT06_ladoZeroLancaExcecao" classname="com.mss.TrianguloTest" time="0.001"/>
  <testcase name="CT07_ladoNegativoLancaExcecao" classname="com.mss.TrianguloTest" time="0"/>
  <testcase name="CT09_trianguloInvalido_somaDosladosIguais" classname="com.mss.TrianguloTest" time="0"/>
  <testcase name="CT15_lado2ZeroLancaExcecao" classname="com.mss.TrianguloTest" time="0"/>
  <testcase name="CT13_trianguloInvalido_somaLado2Lado3MenorQueLado1" classname="com.mss.TrianguloTest" time="0.001"/>
  <testcase name="CT10_trianguloInvalido_somaDosladosIguais" classname="com.mss.TrianguloTest" time="0"/>
  <testcase name="CT14_tresZerosLancaExcecao" classname="com.mss.TrianguloTest" time="0"/>
  <testcase name="CT03_equilateroValido" classname="com.mss.TrianguloTest" time="0"/>
  <testcase name="CT01_escalenoValido" classname="com.mss.TrianguloTest" time="0"/>
  <testcase name="CT11_trianguloInvalido_somaLado1Lado2MenorQueLado3" classname="com.mss.TrianguloTest" time="0"/>
</testsuite>